{
  "RSpec": {
    "coverage": {
      "/Users/jcanepa/code/cs362-cold-beverages/lib/vessel.rb": {
        "lines": [
          1,
          1,
          null,
          1,
          1,
          1,
          null,
          null,
          null
        ]
      },
      "/Users/jcanepa/code/cs362-cold-beverages/spec/water_dispenser_spec.rb": {
        "lines": [
          1,
          null,
          1,
          null,
          null
        ]
      },
      "/Users/jcanepa/code/cs362-cold-beverages/lib/water_dispenser.rb": {
        "lines": [
          1,
          null,
          1,
          null,
          1,
          0,
          null,
          null,
          1,
          0,
          null,
          null,
          null
        ]
      },
      "/Users/jcanepa/code/cs362-cold-beverages/spec/water_reservoir_spec.rb": {
        "lines": [
          1,
          null,
          1,
          null,
          null
        ]
      },
      "/Users/jcanepa/code/cs362-cold-beverages/lib/water_reservoir.rb": {
        "lines": [
          1,
          null,
          1,
          1,
          null,
          1,
          0,
          0,
          null,
          null,
          1,
          0,
          null,
          null,
          1,
          0,
          null,
          null,
          1,
          0,
          null,
          null,
          null
        ]
      }
    },
    "timestamp": 1678903568
  }
}
